
Currently Loaded Modules:
  1) autotools      3) prun/2.3       5) ucx/1.18.1       7) hpcfund
  2) cmake/3.25.2   4) gnu12/12.2.0   6) openmpi4/4.1.8   8) rocm/6.4.1

 


----------------------------------------------------------------------
Omnistat Report Card for Job Id: 267250
----------------------------------------------------------------------

Job Overview (Num Nodes = 1, Machine = HPC Fund)
 --> Start time = 2026-02-07 00:11:27
 --> End   time = 2026-02-07 00:17:27
 --> Duration   = 360 secs

GPU Statistics:

           | Utilization (%)  |  Memory Use (%)  | Temperature (C)  |    Power (W)     | Energy (kWh) |
     GPU # |    Max     Mean  |    Max     Mean  |    Max     Mean  |    Max     Mean  |    Total     |
    ---------------------------------------------------------------------------------------------------
         0 |    0.00    0.00  |   19.60   10.56  |   52.00   51.23  |   43.00   43.00  |   4.30e-03   |
         1 |    0.00    0.00  |    0.02    0.02  |   54.00   53.54  |   43.00   43.00  |   4.30e-03   |
         2 |    0.00    0.00  |    0.02    0.02  |   50.00   49.92  |   45.00   45.00  |   4.50e-03   |
         3 |    0.00    0.00  |    0.02    0.02  |   51.00   50.31  |   41.00   41.00  |   4.10e-03   |

Approximate Total GPU Energy Consumed = 1.72e-02 kWh

Host Statistics:

    # CPUs | CPU Utilization (%)  |    Memory Use (%)    |
           |    Max       Mean    |    Max       Mean    |
    ------------------------------------------------------
       128 |    2.73      1.92    |    9.52      8.40    |

--
Query interval = 30.000 secs
Query execution time = 0.2 secs
Version = 1.9.0
